WARNING conda.models.version:get_matcher(546): Using .* with relational operator is superfluous and deprecated and will be removed in a future version of conda. Your spec was 1.7.1.*, but conda is ignoring the .* and treating it as 1.7.1
WARNING conda.models.version:get_matcher(546): Using .* with relational operator is superfluous and deprecated and will be removed in a future version of conda. Your spec was 1.8.0.*, but conda is ignoring the .* and treating it as 1.8.0
WARNING conda.models.version:get_matcher(546): Using .* with relational operator is superfluous and deprecated and will be removed in a future version of conda. Your spec was 1.6.0.*, but conda is ignoring the .* and treating it as 1.6.0
WARNING conda.models.version:get_matcher(546): Using .* with relational operator is superfluous and deprecated and will be removed in a future version of conda. Your spec was 1.9.0.*, but conda is ignoring the .* and treating it as 1.9.0

PackagesNotFoundError: The following packages are not available from current channels:

  - torchaudio

Current channels:

  - https://conda.anaconda.org/conda-forge/linux-64
  - https://conda.anaconda.org/conda-forge/noarch
  - https://repo.anaconda.com/pkgs/main/linux-64
  - https://repo.anaconda.com/pkgs/main/noarch
  - https://repo.anaconda.com/pkgs/r/linux-64
  - https://repo.anaconda.com/pkgs/r/noarch

To search for alternate channels that may provide the conda package you're
looking for, navigate to

    https://anaconda.org

and use the search bar at the top of the page.


WARNING conda.models.version:get_matcher(546): Using .* with relational operator is superfluous and deprecated and will be removed in a future version of conda. Your spec was 1.7.1.*, but conda is ignoring the .* and treating it as 1.7.1


==> WARNING: A newer version of conda exists. <==
  current version: 23.3.1
  latest version: 24.9.1

Please update conda by running

    $ conda update -n base -c defaults conda

Or to minimize the number of packages updated during conda update use

     conda install conda=24.9.1


slurmstepd-xcnc30: error: *** JOB 310331 ON xcnc30 CANCELLED AT 2024-10-03T16:48:38 DUE TO TIME LIMIT ***
